Determining if the pthread_create exist failed with the following output:
Change Dir: /home/pi/Desktop/w9s1_slam/build/CMakeFiles/CMakeTmp

Run Build Command:"/usr/bin/make" "cmTC_1aa39/fast"
/usr/bin/make -f CMakeFiles/cmTC_1aa39.dir/build.make CMakeFiles/cmTC_1aa39.dir/build
make[1]: Entering directory '/home/pi/Desktop/w9s1_slam/build/CMakeFiles/CMakeTmp'
Building C object CMakeFiles/cmTC_1aa39.dir/CheckSymbolExists.c.o
/usr/bin/cc     -o CMakeFiles/cmTC_1aa39.dir/CheckSymbolExists.c.o   -c /home/pi/Desktop/w9s1_slam/build/CMakeFiles/CMakeTmp/CheckSymbolExists.c
Linking C executable cmTC_1aa39
/usr/bin/cmake -E cmake_link_script CMakeFiles/cmTC_1aa39.dir/link.txt --verbose=1
/usr/bin/cc       CMakeFiles/cmTC_1aa39.dir/CheckSymbolExists.c.o  -o cmTC_1aa39 -rdynamic 
CMakeFiles/cmTC_1aa39.dir/CheckSymbolExists.c.o: In function `main':
CheckSymbolExists.c:(.text+0x38): undefined reference to `pthread_create'
collect2: error: ld returned 1 exit status
CMakeFiles/cmTC_1aa39.dir/build.make:97: recipe for target 'cmTC_1aa39' failed
make[1]: *** [cmTC_1aa39] Error 1
make[1]: Leaving directory '/home/pi/Desktop/w9s1_slam/build/CMakeFiles/CMakeTmp'
Makefile:126: recipe for target 'cmTC_1aa39/fast' failed
make: *** [cmTC_1aa39/fast] Error 2

File /home/pi/Desktop/w9s1_slam/build/CMakeFiles/CMakeTmp/CheckSymbolExists.c:
/* */
#include <pthread.h>

int main(int argc, char** argv)
{
  (void)argv;
#ifndef pthread_create
  return ((int*)(&pthread_create))[argc];
#else
  (void)argc;
  return 0;
#endif
}

Determining if the function pthread_create exists in the pthreads failed with the following output:
Change Dir: /home/pi/Desktop/w9s1_slam/build/CMakeFiles/CMakeTmp

Run Build Command:"/usr/bin/make" "cmTC_48118/fast"
/usr/bin/make -f CMakeFiles/cmTC_48118.dir/build.make CMakeFiles/cmTC_48118.dir/build
make[1]: Entering directory '/home/pi/Desktop/w9s1_slam/build/CMakeFiles/CMakeTmp'
Building C object CMakeFiles/cmTC_48118.dir/CheckFunctionExists.c.o
/usr/bin/cc    -DCHECK_FUNCTION_EXISTS=pthread_create   -o CMakeFiles/cmTC_48118.dir/CheckFunctionExists.c.o   -c /usr/share/cmake-3.7/Modules/CheckFunctionExists.c
Linking C executable cmTC_48118
/usr/bin/cmake -E cmake_link_script CMakeFiles/cmTC_48118.dir/link.txt --verbose=1
/usr/bin/cc   -DCHECK_FUNCTION_EXISTS=pthread_create    CMakeFiles/cmTC_48118.dir/CheckFunctionExists.c.o  -o cmTC_48118 -rdynamic -lpthreads 
/usr/bin/ld: cannot find -lpthreads
collect2: error: ld returned 1 exit status
CMakeFiles/cmTC_48118.dir/build.make:97: recipe for target 'cmTC_48118' failed
make[1]: *** [cmTC_48118] Error 1
make[1]: Leaving directory '/home/pi/Desktop/w9s1_slam/build/CMakeFiles/CMakeTmp'
Makefile:126: recipe for target 'cmTC_48118/fast' failed
make: *** [cmTC_48118/fast] Error 2


Determining if the Q_WS_WIN exist failed with the following output:
Change Dir: /home/pi/Desktop/w9s1_slam/build/CMakeFiles/CMakeTmp

Run Build Command:"/usr/bin/make" "cmTC_714d7/fast"
/usr/bin/make -f CMakeFiles/cmTC_714d7.dir/build.make CMakeFiles/cmTC_714d7.dir/build
make[1]: Entering directory '/home/pi/Desktop/w9s1_slam/build/CMakeFiles/CMakeTmp'
Building CXX object CMakeFiles/cmTC_714d7.dir/CheckSymbolExists.cxx.o
/usr/bin/c++    -I/usr/include/qt4   -o CMakeFiles/cmTC_714d7.dir/CheckSymbolExists.cxx.o -c /home/pi/Desktop/w9s1_slam/build/CMakeFiles/CMakeTmp/CheckSymbolExists.cxx
/home/pi/Desktop/w9s1_slam/build/CMakeFiles/CMakeTmp/CheckSymbolExists.cxx: In function ‘int main(int, char**)’:
/home/pi/Desktop/w9s1_slam/build/CMakeFiles/CMakeTmp/CheckSymbolExists.cxx:8:19: error: ‘Q_WS_WIN’ was not declared in this scope
   return ((int*)(&Q_WS_WIN))[argc];
                   ^~~~~~~~
CMakeFiles/cmTC_714d7.dir/build.make:65: recipe for target 'CMakeFiles/cmTC_714d7.dir/CheckSymbolExists.cxx.o' failed
make[1]: *** [CMakeFiles/cmTC_714d7.dir/CheckSymbolExists.cxx.o] Error 1
make[1]: Leaving directory '/home/pi/Desktop/w9s1_slam/build/CMakeFiles/CMakeTmp'
Makefile:126: recipe for target 'cmTC_714d7/fast' failed
make: *** [cmTC_714d7/fast] Error 2

File /home/pi/Desktop/w9s1_slam/build/CMakeFiles/CMakeTmp/CheckSymbolExists.cxx:
/* */
#include <QtCore/qglobal.h>

int main(int argc, char** argv)
{
  (void)argv;
#ifndef Q_WS_WIN
  return ((int*)(&Q_WS_WIN))[argc];
#else
  (void)argc;
  return 0;
#endif
}

Determining if the Q_WS_QWS exist failed with the following output:
Change Dir: /home/pi/Desktop/w9s1_slam/build/CMakeFiles/CMakeTmp

Run Build Command:"/usr/bin/make" "cmTC_9fd74/fast"
/usr/bin/make -f CMakeFiles/cmTC_9fd74.dir/build.make CMakeFiles/cmTC_9fd74.dir/build
make[1]: Entering directory '/home/pi/Desktop/w9s1_slam/build/CMakeFiles/CMakeTmp'
Building CXX object CMakeFiles/cmTC_9fd74.dir/CheckSymbolExists.cxx.o
/usr/bin/c++    -I/usr/include/qt4   -o CMakeFiles/cmTC_9fd74.dir/CheckSymbolExists.cxx.o -c /home/pi/Desktop/w9s1_slam/build/CMakeFiles/CMakeTmp/CheckSymbolExists.cxx
/home/pi/Desktop/w9s1_slam/build/CMakeFiles/CMakeTmp/CheckSymbolExists.cxx: In function ‘int main(int, char**)’:
/home/pi/Desktop/w9s1_slam/build/CMakeFiles/CMakeTmp/CheckSymbolExists.cxx:8:19: error: ‘Q_WS_QWS’ was not declared in this scope
   return ((int*)(&Q_WS_QWS))[argc];
                   ^~~~~~~~
CMakeFiles/cmTC_9fd74.dir/build.make:65: recipe for target 'CMakeFiles/cmTC_9fd74.dir/CheckSymbolExists.cxx.o' failed
make[1]: *** [CMakeFiles/cmTC_9fd74.dir/CheckSymbolExists.cxx.o] Error 1
make[1]: Leaving directory '/home/pi/Desktop/w9s1_slam/build/CMakeFiles/CMakeTmp'
Makefile:126: recipe for target 'cmTC_9fd74/fast' failed
make: *** [cmTC_9fd74/fast] Error 2

File /home/pi/Desktop/w9s1_slam/build/CMakeFiles/CMakeTmp/CheckSymbolExists.cxx:
/* */
#include <QtCore/qglobal.h>

int main(int argc, char** argv)
{
  (void)argv;
#ifndef Q_WS_QWS
  return ((int*)(&Q_WS_QWS))[argc];
#else
  (void)argc;
  return 0;
#endif
}

Determining if the Q_WS_MAC exist failed with the following output:
Change Dir: /home/pi/Desktop/w9s1_slam/build/CMakeFiles/CMakeTmp

Run Build Command:"/usr/bin/make" "cmTC_11425/fast"
/usr/bin/make -f CMakeFiles/cmTC_11425.dir/build.make CMakeFiles/cmTC_11425.dir/build
make[1]: Entering directory '/home/pi/Desktop/w9s1_slam/build/CMakeFiles/CMakeTmp'
Building CXX object CMakeFiles/cmTC_11425.dir/CheckSymbolExists.cxx.o
/usr/bin/c++    -I/usr/include/qt4   -o CMakeFiles/cmTC_11425.dir/CheckSymbolExists.cxx.o -c /home/pi/Desktop/w9s1_slam/build/CMakeFiles/CMakeTmp/CheckSymbolExists.cxx
/home/pi/Desktop/w9s1_slam/build/CMakeFiles/CMakeTmp/CheckSymbolExists.cxx: In function ‘int main(int, char**)’:
/home/pi/Desktop/w9s1_slam/build/CMakeFiles/CMakeTmp/CheckSymbolExists.cxx:8:19: error: ‘Q_WS_MAC’ was not declared in this scope
   return ((int*)(&Q_WS_MAC))[argc];
                   ^~~~~~~~
CMakeFiles/cmTC_11425.dir/build.make:65: recipe for target 'CMakeFiles/cmTC_11425.dir/CheckSymbolExists.cxx.o' failed
make[1]: *** [CMakeFiles/cmTC_11425.dir/CheckSymbolExists.cxx.o] Error 1
make[1]: Leaving directory '/home/pi/Desktop/w9s1_slam/build/CMakeFiles/CMakeTmp'
Makefile:126: recipe for target 'cmTC_11425/fast' failed
make: *** [cmTC_11425/fast] Error 2

File /home/pi/Desktop/w9s1_slam/build/CMakeFiles/CMakeTmp/CheckSymbolExists.cxx:
/* */
#include <QtCore/qglobal.h>

int main(int argc, char** argv)
{
  (void)argv;
#ifndef Q_WS_MAC
  return ((int*)(&Q_WS_MAC))[argc];
#else
  (void)argc;
  return 0;
#endif
}

